<?xml version="1.0" encoding="UTF-8"?>
<!-- Generated by org.testng.reporters.JUnitXMLReporter -->
<testsuite ignored="6" hostname="DESKTOP-SPDP9HB" failures="0" tests="2" name="Default test" time="5.143" errors="0" timestamp="2024-02-03T15:04:33 TRT">
  <testcase classname="AlmosaferWeb.MyTestCases" name="RandomMethodToChangeLanguage" time="0.91"/>
  <testcase classname="AlmosaferWeb.MyTestCases" name="switchToHotelTab" time="0.479"/>
  <testcase classname="AlmosaferWeb.MyTestCases" name="checkDepartureDateAndReturnDate" time="0.0">
    <ignored/>
  </testcase> <!-- checkDepartureDateAndReturnDate -->
  <testcase classname="AlmosaferWeb.MyTestCases" name="CheckTheDefaultCurancyisSAR" time="0.0">
    <ignored/>
  </testcase> <!-- CheckTheDefaultCurancyisSAR -->
  <testcase classname="AlmosaferWeb.MyTestCases" name="CheckQitafLogo" time="0.0">
    <ignored/>
  </testcase> <!-- CheckQitafLogo -->
  <testcase classname="AlmosaferWeb.MyTestCases" name="CheckContactNumber" time="0.0">
    <ignored/>
  </testcase> <!-- CheckContactNumber -->
  <testcase classname="AlmosaferWeb.MyTestCases" name="CheckLanguageIsEnglish" time="0.0">
    <ignored/>
  </testcase> <!-- CheckLanguageIsEnglish -->
  <testcase classname="AlmosaferWeb.MyTestCases" name="CheckHotelTabNotSelectedByDefualt" time="0.0">
    <ignored/>
  </testcase> <!-- CheckHotelTabNotSelectedByDefualt -->
</testsuite> <!-- Default test -->
