<?xml version="1.0" encoding="UTF-8"?>
<testng-results ignored="6" total="8" passed="2" failed="0" skipped="0">
  <reporter-output>
  </reporter-output>
  <suite started-at="2024-02-03T15:04:28 TRT" name="Default suite" finished-at="2024-02-03T15:04:33 TRT" duration-ms="5143">
    <groups>
    </groups>
    <test started-at="2024-02-03T15:04:28 TRT" name="Default test" finished-at="2024-02-03T15:04:33 TRT" duration-ms="5143">
      <class name="AlmosaferWeb.MyTestCases">
        <test-method is-config="true" signature="MysetUp()[pri:0, instance:AlmosaferWeb.MyTestCases@71cf1b07]" started-at="2024-02-03T15:04:28 TRT" name="MysetUp" finished-at="2024-02-03T15:04:32 TRT" duration-ms="3711" status="PASS">
          <reporter-output>
          </reporter-output>
        </test-method> <!-- MysetUp -->
        <test-method signature="RandomMethodToChangeLanguage()[pri:7, instance:AlmosaferWeb.MyTestCases@71cf1b07]" started-at="2024-02-03T15:04:32 TRT" name="RandomMethodToChangeLanguage" finished-at="2024-02-03T15:04:32 TRT" duration-ms="910" status="PASS">
          <reporter-output>
          </reporter-output>
        </test-method> <!-- RandomMethodToChangeLanguage -->
        <test-method signature="switchToHotelTab()[pri:8, instance:AlmosaferWeb.MyTestCases@71cf1b07]" started-at="2024-02-03T15:04:32 TRT" name="switchToHotelTab" finished-at="2024-02-03T15:04:33 TRT" duration-ms="479" status="PASS">
          <reporter-output>
          </reporter-output>
        </test-method> <!-- switchToHotelTab -->
        <test-method is-config="true" signature="AfterTestin()[pri:0, instance:AlmosaferWeb.MyTestCases@71cf1b07]" started-at="2024-02-03T15:04:33 TRT" name="AfterTestin" finished-at="2024-02-03T15:04:33 TRT" duration-ms="0" status="PASS">
          <reporter-output>
          </reporter-output>
        </test-method> <!-- AfterTestin -->
      </class> <!-- AlmosaferWeb.MyTestCases -->
    </test> <!-- Default test -->
  </suite> <!-- Default suite -->
</testng-results>
